<component name="libraryTable">
  <library name="junit-3.8.1">
    <CLASSES>
      <root url="jar://$PROJECT_DIR$/lib/slf4j-1.7.25/integration/lib/junit-3.8.1.jar!/" />
    </CLASSES>
    <JAVADOC />
    <SOURCES />
  </library>
</component>